2026-01-14 08:44:01,185 - Mission11_NMT - INFO - Logger μ„Έν… μ™„λ£. ν”„λ΅μ νΈλ¥Ό μ‹μ‘ν•©λ‹λ‹¤.
2026-01-14 08:44:05,599 - Mission11_NMT - INFO - Current Device: cuda
2026-01-14 08:44:07,069 - Mission11_NMT - INFO - ν•™μµ λ° κ²€μ¦ λ°μ΄ν„° κ²½λ΅ μ„¤μ • μ™„λ£
2026-01-14 08:44:31,306 - Mission11_NMT - INFO - μ„±κ³µμ μΌλ΅ μ „μ²λ¦¬ λ°μ΄ν„°λ¥Ό λ΅λ“ν–μµλ‹λ‹¤. (Train: 1,082,046 rows)
2026-01-14 08:44:31,310 - Mission11_NMT - INFO - DataLoader μ¤€λΉ„ μ™„λ£. Batch Size: 64
2026-01-14 08:44:33,401 - Mission11_NMT - INFO - [TRAIN Batch Sample]
2026-01-14 08:44:33,402 - Mission11_NMT - INFO -  - Source Shape (KO): torch.Size([64, 30])
2026-01-14 08:44:33,402 - Mission11_NMT - INFO -  - Target Shape (EN): torch.Size([64, 26])
2026-01-14 08:44:33,405 - Mission11_NMT - INFO - [VALID Batch Sample]
2026-01-14 08:44:33,405 - Mission11_NMT - INFO -  - Source Shape (KO): torch.Size([64, 25])
2026-01-14 08:44:33,405 - Mission11_NMT - INFO -  - Target Shape (EN): torch.Size([64, 25])
2026-01-14 08:44:47,769 - Mission11_NMT - INFO - λ¨λΈ μ΄κΈ°ν™” μ™„λ£: κ°€μ¤‘μΉ νλΌλ―Έν„° μ = 48,554,748κ°
2026-01-14 08:44:50,804 - Mission11_NMT - INFO - π€ ν•™μµ μ‹μ‘! (μ΄ Epochs: 10)
2026-01-14 08:44:50,805 - Mission11_NMT - INFO - ------------------------------------------------------------
2026-01-14 08:45:27,758 - Mission11_NMT - INFO - π› οΈ λ””λ²„κ·Έ ν…μ¤νΈ μ‹μ‘ (1 Batch)
2026-01-14 08:45:27,850 - Mission11_NMT - ERROR - β ν…μ¤νΈ μ¤‘ μ—λ¬ λ°μƒ: 'tuple' object has no attribute 'dim'
2026-01-14 08:47:15,830 - Mission11_NMT - INFO - π€ ν•™μµ μ‹μ‘! (μ΄ Epochs: 10)
2026-01-14 08:47:15,831 - Mission11_NMT - INFO - ------------------------------------------------------------
2026-01-14 08:49:11,255 - Mission11_NMT - INFO - π€ ν•™μµ μ‹μ‘! (μ΄ Epochs: 10)
2026-01-14 08:49:11,256 - Mission11_NMT - INFO - ------------------------------------------------------------
2026-01-14 08:50:19,807 - Mission11_NMT - INFO - π€ ν•™μµ μ‹μ‘! (μ΄ Epochs: 10)
2026-01-14 08:50:19,808 - Mission11_NMT - INFO - ------------------------------------------------------------
2026-01-14 08:55:38,000 - Mission11_NMT - INFO - π› οΈ λ””λ²„κ·Έ ν…μ¤νΈ μ‹μ‘ (1 Batch)
2026-01-14 08:55:38,091 - Mission11_NMT - ERROR - β ν…μ¤νΈ μ¤‘ μ—λ¬ λ°μƒ: 'tuple' object has no attribute 'dim'
2026-01-14 08:55:40,630 - Mission11_NMT - INFO - π€ ν•™μµ μ‹μ‘! (μ΄ Epochs: 10)
2026-01-14 08:55:40,631 - Mission11_NMT - INFO - ------------------------------------------------------------
2026-01-14 09:06:46,974 - Mission11_NMT - INFO - μ„±κ³µμ μΌλ΅ μ „μ²λ¦¬ λ°μ΄ν„°λ¥Ό λ΅λ“ν–μµλ‹λ‹¤. (Train: 1,082,046 rows)
2026-01-14 09:06:47,015 - Mission11_NMT - INFO - DataLoader μ¤€λΉ„ μ™„λ£. Batch Size: 256
2026-01-14 09:10:33,888 - Mission11_NMT - INFO - μ„±κ³µμ μΌλ΅ μ „μ²λ¦¬ λ°μ΄ν„°λ¥Ό λ΅λ“ν–μµλ‹λ‹¤. (Train: 1,082,046 rows)
2026-01-14 09:10:33,932 - Mission11_NMT - INFO - DataLoader μ¤€λΉ„ μ™„λ£. Batch Size: 512
